Loading rhel8/default-amp
  Loading requirement: rhel8/slurm singularity/current rhel8/global cuda/11.4
    libpciaccess/0.16/gcc-9.4.0-6fonbj6 libiconv/1.16/gcc-9.4.0-ahebbov
    libxml2/2.9.12/gcc-9.4.0-gnknt5e ncurses/6.2/gcc-9.4.0-aiirok7
    hwloc/2.5.0/gcc-9.4.0-7sqomga libevent/2.1.12/gcc-9.4.0-hgny7cm
    numactl/2.0.14/gcc-9.4.0-52dwc6n cuda/11.4.0/gcc-9.4.0-3hnxhjt
    gdrcopy/2.2/gcc-9.4.0-e4igtfp knem/1.1.4/gcc-9.4.0-bpbxgva
    libnl/3.3.0/gcc-9.4.0-whwhrwb rdma-core/34.0/gcc-9.4.0-5eo5n2u
    ucx/1.11.1/gcc-9.4.0-lktqyl4 openmpi/4.1.1/gcc-9.4.0-epagguv
Loading python/3.8.11/gcc-9.4.0-yb6rzr6
  Loading requirement: libmd/1.0.3/gcc-9.4.0-epxofcy
    libbsd/0.11.3/gcc-9.4.0-vthuym4 expat/2.4.1/gcc-9.4.0-bk6uyet
    readline/8.1/gcc-9.4.0-cddhb5i gdbm/1.21/gcc-9.4.0-ddi42iv
    gettext/0.21/gcc-9.4.0-crlrk2m libffi/3.3/gcc-9.4.0-5qx32pc
    sqlite/3.36.0/gcc-9.4.0-kwwt3r6 tcl/8.6.11/gcc-9.4.0-jp7pdhd
    inputproto/2.3.2/gcc-9.4.0-njblfvv kbproto/1.0.7/gcc-9.4.0-7yamta5
    libpthread-stubs/0.4/gcc-9.4.0-vcluyo4 xproto/7.0.31/gcc-9.4.0-7rjn5nb
    libxau/1.0.8/gcc-9.4.0-bjkdkpd libxdmcp/1.1.2/gcc-9.4.0-oyjq2tg
    xcb-proto/1.14.1/gcc-9.4.0-673q3no libxcb/1.14/gcc-9.4.0-kvfmuib
    xextproto/7.3.0/gcc-9.4.0-fxabcj4 xtrans/1.3.5/gcc-9.4.0-l2bxpul
    libx11/1.7.0/gcc-9.4.0-bsn7l3n font-util/1.3.2/gcc-9.4.0-ryqeio4
    libpng/1.6.37/gcc-9.4.0-yci6ujg freetype/2.11.0/gcc-9.4.0-boinooq
    util-linux-uuid/2.36.2/gcc-9.4.0-g242id5 fontconfig/2.13.1/gcc-9.4.0-yhkmiqz
    renderproto/0.11.1/gcc-9.4.0-im3l4v3 libxrender/0.9.10/gcc-9.4.0-kpzqacy
    libxft/2.3.2/gcc-9.4.0-sqd3zss libxext/1.3.3/gcc-9.4.0-zgzsc7i
    scrnsaverproto/1.2.2/gcc-9.4.0-qa7liqu libxscrnsaver/1.2.2/gcc-9.4.0-rcvaluz
    tk/8.6.11/gcc-9.4.0-dwuhmi2
Traceback (most recent call last):
  File "src/training/train_fewshot.py", line 26, in <module>
    from loss import prototypical_loss, build_distance
  File "/rds/user/ttttd2/hpc-work/MLMI4/mlmi4_advanced_ml/loss.py", line 39, in <module>
    ) -> tuple[torch.Tensor, torch.Tensor]:
TypeError: 'type' object is not subscriptable
