JobID: 25025309
======
Time: Thu Mar 12 15:14:33 GMT 2026
Running on master node: gpu-q-38
Current directory: /rds/user/ttttd2/hpc-work/MLMI4/mlmi4_advanced_ml

Executing command:
==================
PYTHONPATH=. python -u src/training/train_fewshot.py configs/omniglot_config.yaml

Using device: cuda

========================================
RUNNING EXPERIMENT WITH CONFIG:
========================================
data:
  data_dir: ./data/omniglot
  dataset: omniglot
  num_workers: 4
  test_params:
    n_episodes: 1000
    n_query: 15
    n_shot: 1
    n_way: 5
  train_params:
    n_episodes: 10000
    n_query: 5
    n_shot: 1
    n_way: 60
  val_params:
    n_episodes: 500
    n_query: 15
    n_shot: 1
    n_way: 5
distance: euclidean
log_interval: 100
lr: 0.001
lr_step: 2000
model_params:
  dropblock_prob: 0.1
  dropblock_size: 0
  hidden_dim: 64
output_dir: ./results/omniglot_baseline
seed: 42
val_interval: 2000

========================================

Files already downloaded and verified
Files already downloaded and verified
Files already downloaded and verified
Files already downloaded and verified
